<?xml version="1.0" encoding="UTF-8"?>
<!-- Generated by org.testng.reporters.JUnitXMLReporter -->
<testsuite ignored="0" hostname="LAPTOP-OOJD2GM0" failures="0" tests="3" name="Default test" time="45.975" errors="0" timestamp="2023-07-03T21:42:34 IST">
  <testcase classname="com.data.Realtime" name="loginTest" time="13.92"/>
  <testcase classname="com.data.Realtime" name="loginTest" time="15.315"/>
  <testcase classname="com.data.Realtime" name="loginTest" time="11.468"/>
</testsuite> <!-- Default test -->
