<?xml version="1.0" encoding="UTF-8"?>
<testng-results ignored="0" total="3" passed="3" failed="0" skipped="0">
  <reporter-output>
  </reporter-output>
  <suite started-at="2023-07-03T21:41:48 IST" name="Default suite" finished-at="2023-07-03T21:42:34 IST" duration-ms="45975">
    <groups>
    </groups>
    <test started-at="2023-07-03T21:41:48 IST" name="Default test" finished-at="2023-07-03T21:42:34 IST" duration-ms="45975">
      <class name="com.data.Realtime">
        <test-method signature="loginTest(java.lang.String,java.lang.String,java.lang.String)[pri:0, instance:com.data.Realtime@5824a83d]" started-at="2023-07-03T21:41:53 IST" name="loginTest" data-provider="LoginData" finished-at="2023-07-03T21:42:07 IST" duration-ms="13920" status="PASS">
          <params>
            <param index="0">
              <value>
                <![CDATA[admin@yourstore.com]]>
              </value>
            </param>
            <param index="1">
              <value>
                <![CDATA[admin]]>
              </value>
            </param>
            <param index="2">
              <value>
                <![CDATA[valid]]>
              </value>
            </param>
          </params>
          <reporter-output>
          </reporter-output>
        </test-method> <!-- loginTest -->
        <test-method signature="loginTest(java.lang.String,java.lang.String,java.lang.String)[pri:0, instance:com.data.Realtime@5824a83d]" started-at="2023-07-03T21:42:07 IST" name="loginTest" data-provider="LoginData" finished-at="2023-07-03T21:42:23 IST" duration-ms="15315" status="PASS">
          <params>
            <param index="0">
              <value>
                <![CDATA[adin@yourstore.com]]>
              </value>
            </param>
            <param index="1">
              <value>
                <![CDATA[admin]]>
              </value>
            </param>
            <param index="2">
              <value>
                <![CDATA[invalid]]>
              </value>
            </param>
          </params>
          <reporter-output>
          </reporter-output>
        </test-method> <!-- loginTest -->
        <test-method signature="loginTest(java.lang.String,java.lang.String,java.lang.String)[pri:0, instance:com.data.Realtime@5824a83d]" started-at="2023-07-03T21:42:23 IST" name="loginTest" data-provider="LoginData" finished-at="2023-07-03T21:42:34 IST" duration-ms="11468" status="PASS">
          <params>
            <param index="0">
              <value>
                <![CDATA[admin1@yourstore.com]]>
              </value>
            </param>
            <param index="1">
              <value>
                <![CDATA[admin]]>
              </value>
            </param>
            <param index="2">
              <value>
                <![CDATA[invalid]]>
              </value>
            </param>
          </params>
          <reporter-output>
          </reporter-output>
        </test-method> <!-- loginTest -->
      </class> <!-- com.data.Realtime -->
    </test> <!-- Default test -->
  </suite> <!-- Default suite -->
</testng-results>
